<?xml version="1.0" encoding="UTF-8"?>
<!-- Generated by org.testng.reporters.JUnitXMLReporter -->
<testsuite ignored="0" hostname="401a5919e66f595" failures="1" tests="1" name="Default test" time="33.091" errors="0" timestamp="2025-11-29T15:18:21 IST">
  <testcase classname="io.cucumber.testng.AbstractTestNGCucumberTests" name="runScenario" time="32.77">
    <failure type="java.lang.NullPointerException" message="Cannot invoke &amp;quot;com.relevantcodes.extentreports.ExtentReports.startTest(String)&amp;quot; because &amp;quot;stepDefinition.tc7_invalidData.extent&amp;quot; is null">
      <![CDATA[java.lang.NullPointerException: Cannot invoke "com.relevantcodes.extentreports.ExtentReports.startTest(String)" because "stepDefinition.tc7_invalidData.extent" is null
at stepDefinition.tc7_invalidData.the_system_shows_error(tc7_invalidData.java:91)
at âœ½.the system shows error(file:///C:/Selenium%20DEmo/Demo_Capstone/features/03_invalid.feature:13)
]]>
    </failure>
  </testcase> <!-- runScenario -->
</testsuite> <!-- Default test -->
