<?xml version="1.0" encoding="UTF-8"?>
<!-- Generated by org.testng.reporters.JUnitXMLReporter -->
<testsuite ignored="0" hostname="401a5919e66f595" failures="3" tests="3" name="Test1" time="0.525" errors="0" timestamp="2025-11-25T18:06:31 IST">
  <testcase classname="io.cucumber.testng.AbstractTestNGCucumberTests" name="runScenario" time="0.131">
    <failure type="java.lang.NullPointerException" message="Cannot invoke &amp;quot;org.openqa.selenium.WebDriver.get(String)&amp;quot; because &amp;quot;this.hdriver&amp;quot; is null">
      <![CDATA[java.lang.NullPointerException: Cannot invoke "org.openqa.selenium.WebDriver.get(String)" because "this.hdriver" is null
at pageObjects.homePage.clickCars(homePage.java:18)
at stepDefinition.tc1_homePage.user_able_to_click_automobile(tc1_homePage.java:34)
at ✽.user able to click automobile(file:///C:/Selenium%20DEmo/Demo_Capstone/features/homepage.feature:8)
]]>
    </failure>
  </testcase> <!-- runScenario -->
  <testcase classname="io.cucumber.testng.AbstractTestNGCucumberTests" name="runScenario" time="0.031">
    <failure type="java.lang.NullPointerException" message="Cannot invoke &amp;quot;org.openqa.selenium.WebDriver.findElement(org.openqa.selenium.By)&amp;quot; because &amp;quot;this.tvdriver&amp;quot; is null">
      <![CDATA[java.lang.NullPointerException: Cannot invoke "org.openqa.selenium.WebDriver.findElement(org.openqa.selenium.By)" because "this.tvdriver" is null
at stepDefinition.tc2_ValidVehicleData.user_enters_valid_make_and_valid_and_valid_and_valid_and_valid_and_valid_and_and_valid(tc2_ValidVehicleData.java:35)
at ✽.user enters valid "<make>"and valid "<engineperformance>" and valid "<dateofmanufacture>" and valid "<numberofseats>" and valid "<fuel>" and valid "<listprice>" and "<licenseplatenumber>" and valid "<annualmileage>"(file:///C:/Selenium%20DEmo/Demo_Capstone/features/vehicle.feature:8)
]]>
    </failure>
  </testcase> <!-- runScenario -->
  <testcase classname="io.cucumber.testng.AbstractTestNGCucumberTests" name="runScenario" time="0.013">
    <failure type="java.lang.NullPointerException" message="Cannot invoke &amp;quot;org.openqa.selenium.WebDriver.manage()&amp;quot; because &amp;quot;this.bdriver&amp;quot; is null">
      <![CDATA[java.lang.NullPointerException: Cannot invoke "org.openqa.selenium.WebDriver.manage()" because "this.bdriver" is null
at stepDefinition.tc3_blankVehicleData.user_enters_leaves_all_required_fields_empty(tc3_blankVehicleData.java:29)
at ✽.user enters leaves all required fields empty;(file:///C:/Selenium%20DEmo/Demo_Capstone/features/vehicle.feature:13)
]]>
    </failure>
  </testcase> <!-- runScenario -->
</testsuite> <!-- Test1 -->
