<?xml version="1.0" encoding="UTF-8"?>
<testng-results ignored="0" total="1" passed="0" failed="1" skipped="0">
  <reporter-output>
  </reporter-output>
  <suite started-at="2025-11-29T15:17:48 IST" name="Default suite" finished-at="2025-11-29T15:18:21 IST" duration-ms="33091">
    <groups>
      <group name="cucumber">
        <method signature="AbstractTestNGCucumberTests.runScenario(io.cucumber.testng.PickleWrapper,io.cucumber.testng.FeatureWrapper)[pri:0, instance:testRunner@5aebe890]" name="runScenario" class="io.cucumber.testng.AbstractTestNGCucumberTests"/>
      </group> <!-- cucumber -->
    </groups>
    <test started-at="2025-11-29T15:17:48 IST" name="Default test" finished-at="2025-11-29T15:18:21 IST" duration-ms="33091">
      <class name="testRunner">
        <test-method is-config="true" signature="setUpClass(org.testng.ITestContext)[pri:0, instance:testRunner@5aebe890]" started-at="2025-11-29T15:17:48 IST" name="setUpClass" finished-at="2025-11-29T15:17:48 IST" duration-ms="255" status="PASS">
          <params>
            <param index="0">
              <value>
                <![CDATA[org.testng.TestRunner@2f7dcef2]]>
              </value>
            </param>
          </params>
          <reporter-output>
          </reporter-output>
        </test-method> <!-- setUpClass -->
        <test-method signature="runScenario(io.cucumber.testng.PickleWrapper,io.cucumber.testng.FeatureWrapper)[pri:0, instance:testRunner@5aebe890]" started-at="2025-11-29T15:17:48 IST" name="runScenario" description="Runs Cucumber Scenarios" data-provider="scenarios" finished-at="2025-11-29T15:18:21 IST" duration-ms="32770" status="FAIL">
          <params>
            <param index="0">
              <value>
                <![CDATA["the user enters invalid data in the vehicle page"]]>
              </value>
            </param>
            <param index="1">
              <value>
                <![CDATA["The user in the sample app page"]]>
              </value>
            </param>
          </params>
          <exception class="java.lang.NullPointerException">
            <message>
              <![CDATA[Cannot invoke "com.relevantcodes.extentreports.ExtentReports.startTest(String)" because "stepDefinition.tc7_invalidData.extent" is null]]>
            </message>
            <full-stacktrace>
              <![CDATA[java.lang.NullPointerException: Cannot invoke "com.relevantcodes.extentreports.ExtentReports.startTest(String)" because "stepDefinition.tc7_invalidData.extent" is null
at stepDefinition.tc7_invalidData.the_system_shows_error(tc7_invalidData.java:91)
at ✽.the system shows error(file:///C:/Selenium%20DEmo/Demo_Capstone/features/03_invalid.feature:13)
]]>
            </full-stacktrace>
          </exception> <!-- java.lang.NullPointerException -->
          <reporter-output>
          </reporter-output>
        </test-method> <!-- runScenario -->
        <test-method is-config="true" signature="tearDownClass()[pri:0, instance:testRunner@5aebe890]" started-at="2025-11-29T15:18:21 IST" name="tearDownClass" finished-at="2025-11-29T15:18:21 IST" duration-ms="9" status="PASS">
          <reporter-output>
          </reporter-output>
        </test-method> <!-- tearDownClass -->
      </class> <!-- testRunner -->
    </test> <!-- Default test -->
  </suite> <!-- Default suite -->
</testng-results>
