<?xml version="1.0" encoding="UTF-8"?>
<!-- Generated by org.testng.reporters.JUnitReportReporter -->
<testsuite hostname="401a5919e66f595" failures="0" tests="1" name="testRunner" time="32.770" errors="1" timestamp="2025-11-29T15:18:21 IST" skipped="0">
  <testcase classname="testRunner" name="runScenario" time="32.770">
    <error message="Cannot invoke &quot;com.relevantcodes.extentreports.ExtentReports.startTest(String)&quot; because &quot;stepDefinition.tc7_invalidData.extent&quot; is null" type="java.lang.NullPointerException">
      <![CDATA[java.lang.NullPointerException: Cannot invoke "com.relevantcodes.extentreports.ExtentReports.startTest(String)" because "stepDefinition.tc7_invalidData.extent" is null
at stepDefinition.tc7_invalidData.the_system_shows_error(tc7_invalidData.java:91)
at âœ½.the system shows error(file:///C:/Selenium%20DEmo/Demo_Capstone/features/03_invalid.feature:13)
]]>
    </error>
  </testcase> <!-- runScenario -->
</testsuite> <!-- testRunner -->
