<?xml version="1.0" encoding="UTF-8"?>
<!-- Generated by org.testng.reporters.JUnitReportReporter -->
<testsuite hostname="401a5919e66f595" failures="0" tests="8" name="testRunner" time="196.711" errors="0" timestamp="2025-12-02T09:56:13 IST" skipped="0">
  <testcase classname="testRunner" name="runScenario" time="13.078"/>
  <system-out/>
  <testcase classname="testRunner" name="runScenario" time="5.272"/>
  <system-out/>
  <testcase classname="testRunner" name="runScenario" time="78.615"/>
  <system-out/>
  <testcase classname="testRunner" name="runScenario" time="11.286"/>
  <system-out/>
  <testcase classname="testRunner" name="runScenario" time="8.256"/>
  <system-out/>
  <testcase classname="testRunner" name="runScenario" time="9.230"/>
  <system-out/>
  <testcase classname="testRunner" name="runScenario" time="51.747"/>
  <system-out/>
  <testcase classname="testRunner" name="runScenario" time="19.227"/>
  <system-out/>
</testsuite> <!-- testRunner -->
